141
***************************************************
*     *ooooooooooo*ooooooM*         *       *   * *
* * ***o***** ***o*o* * *** ******* * *** * * * * *
* * *ooo*   *   *ooo* * *   *       *   * * * *   *
* ***o***** *** ******* * * ********* *** * * *** *
*   *ooooooooo*       * * * *         *   *   * * *
* * *********o******* * *** * ********* ******* * *
* * *       *ooooooo* *   * *   *     *   *     * *
* * * * * ***** ***o* *** * *** * *** *** * *** * *
* *   * * *     *ooo*   * *     * * *     *   *   *
******* *** *****o***** * * ***** * ********* *****
*     * *   *   *ooooo* * * *     *           *   *
* *** * * *** * * ***o* * * * ********* * ***** ***
*   *   * *   * *   *o*   * * *    ooo*       *   *
* * *** * * *** * ***o******* *****o*o* ***** *** *
* * *   *   * * * *  ooooooooooooooo*o*     *   * *
*** * *** *** * *** *********** *****o***** *** * *
*   * *       *         *       *   *ooooooooo* * *
* *** *** *** ******* * * ******* ***********o* * *
*   *     *     *     * *   *         * *ooooo    *
* * *** **** **** * *** *** * ***** * * *o******* *
*   *   *     *   * * * *   * *     * * *ooo      *
*** * *** *** * *** * * * *** * ***** * ***o* *****
*   *   * * *   * * * *   * * *     *   *ooo* *   *
* *** * * * *** * * * ***** * ***** *** *o*** * * *
* * *   * *   *   * * *       *   * *   *o    * * *
* * * *** * *** * * * * ******* * * *****o* *** * *
* *   *   *     * * * *   *     * * *   *o* *   * *
* ***** ********* * * *** ******* * * * *o* *** ***
*     *   *     * * *             *   *  o*   *   *
* *** *** * *** * * *********** *********o*** * * *
*   *   * * * * * *       *     *       *ooo  * * *
*** * *** * * * * ******* ******* ***** ***o***** *
*   * *   * *   *       *   *     *   *   *ooooooo*
* *** * *** * ******* * *** * ***** ***** *******o*
* * *   *   *   *     * *   * *     *         *ooo*
* * ******* *** * ***** * * * *** * * ******* *o***
* *         *   * *   * * * *   * * * *     * *o* *
* *** ******* *** * * *** ***** *** * * ***** *o* *
*     *     * *   * *     *   *     * * *     *ooo*
******* * *** * * * ******* * *** *** * * *******o*
*       *   *   * *   *     *     *   * *       *o*
* ********* ***** *** * *********** *** *** *****o*
*     *   *   *   * *   *         * *   *   *    o*
* ***** * * * * *** ************* * *** * *** * *o*
* *     *   * *   *               *   *   *   * *o*
* * ************* * ***** ******* *** ***** *** *o*
* *     *   *   * * *     *       * *     * *    o*
* ***** * * * * * *** ***** ******* ***** * * ***o*
*     *   *   *       *                 *   *    oo
***************************************************
